<?xml version="1.0" encoding="UTF-8"?>
<!-- Generated by org.testng.reporters.JUnitReportReporter -->
<testsuite skipped="0" hostname="Amol-PC" name="regressionTest.VerifyTitle" tests="1" failures="0" timestamp="2020-10-28T16:23:35 IST" time="14.147" errors="0">
  <testcase name="testCorrectTitle" time="14.147" classname="regressionTest.VerifyTitle"/>
  <system-out/>
</testsuite> <!-- regressionTest.VerifyTitle -->
