<?xml version="1.0" encoding="UTF-8"?>
<!-- Generated by org.testng.reporters.JUnitReportReporter -->
<testsuite skipped="0" hostname="Amol-PC" name="regressionTest.VerifyTitle" tests="1" failures="0" timestamp="2020-11-03T14:37:57 IST" time="13.697" errors="0">
  <testcase name="testVerifyTitle" time="13.697" classname="regressionTest.VerifyTitle"/>
  <system-out/>
</testsuite> <!-- regressionTest.VerifyTitle -->
