<?xml version="1.0" encoding="UTF-8"?>
<!-- Generated by org.testng.reporters.JUnitReportReporter -->
<testsuite skipped="0" hostname="Amol-PC" name="regressionTest.VerifyClick" tests="1" failures="0" timestamp="2021-02-25T11:10:18 IST" time="19.965" errors="0">
  <testcase name="testVerifyTitle" time="19.965" classname="regressionTest.VerifyClick"/>
  <system-out/>
</testsuite> <!-- regressionTest.VerifyClick -->
