<?xml version="1.0" encoding="UTF-8"?>
<!-- Generated by org.testng.reporters.JUnitReportReporter -->
<testsuite skipped="0" hostname="Amol-PC" name="regressionTest.VerifyTitle" tests="1" failures="0" timestamp="2021-02-25T10:57:16 IST" time="14.292" errors="0">
  <testcase name="testVerifyTitle" time="14.292" classname="regressionTest.VerifyTitle"/>
  <system-out/>
</testsuite> <!-- regressionTest.VerifyTitle -->
